{
  "RSpec": {
    "coverage": {
      "/Users/maxstrivens/Documents/Programming/Projects/Ruby/makers_learning/week_4/bookmark_manager/spec/bookmarks_spec.rb": {
        "lines": [
          1,
          null,
          1,
          1,
          1,
          null,
          null
        ]
      },
      "/Users/maxstrivens/Documents/Programming/Projects/Ruby/makers_learning/week_4/bookmark_manager/lib/bookmarks.rb": {
        "lines": [
          1,
          1,
          null,
          1,
          1,
          null,
          null
        ]
      },
      "/Users/maxstrivens/Documents/Programming/Projects/Ruby/makers_learning/week_4/bookmark_manager/spec/features/hello_world_spec.rb": {
        "lines": [
          1,
          null,
          null,
          null,
          null,
          null,
          null,
          null,
          null,
          1,
          1,
          1,
          1,
          null,
          null
        ]
      }
    },
    "timestamp": 1616431051
  }
}
